2019-08-31 17:52:29,835 0      [           main] DEBUG ache.ibatis.logging.LogFactory  - Logging initialized using 'class org.apache.ibatis.logging.log4j.Log4jImpl' adapter.
2019-08-31 17:52:29,951 116    [           main] DEBUG source.pooled.PooledDataSource  - PooledDataSource forcefully closed/removed all connections.
2019-08-31 17:52:29,951 116    [           main] DEBUG source.pooled.PooledDataSource  - PooledDataSource forcefully closed/removed all connections.
2019-08-31 17:52:29,951 116    [           main] DEBUG source.pooled.PooledDataSource  - PooledDataSource forcefully closed/removed all connections.
2019-08-31 17:52:29,951 116    [           main] DEBUG source.pooled.PooledDataSource  - PooledDataSource forcefully closed/removed all connections.
2019-08-31 17:52:30,049 214    [           main] DEBUG ansaction.jdbc.JdbcTransaction  - Opening JDBC Connection
2019-08-31 17:52:30,232 397    [           main] DEBUG source.pooled.PooledDataSource  - Created connection 30052382.
2019-08-31 17:52:30,232 397    [           main] DEBUG ansaction.jdbc.JdbcTransaction  - Setting autocommit to false on JDBC Connection [com.mysql.jdbc.JDBC4Connection@1ca901e]
2019-08-31 17:52:30,235 400    [           main] DEBUG m.itheima.dao.IUserDao.findAll  - ==>  Preparing: select * from user; 
2019-08-31 17:52:30,260 425    [           main] DEBUG m.itheima.dao.IUserDao.findAll  - ==> Parameters: 
2019-08-31 17:52:30,274 439    [           main] DEBUG m.itheima.dao.IUserDao.findAll  - <==      Total: 6
2019-08-31 17:52:30,275 440    [           main] DEBUG ansaction.jdbc.JdbcTransaction  - Resetting autocommit to true on JDBC Connection [com.mysql.jdbc.JDBC4Connection@1ca901e]
2019-08-31 17:52:30,275 440    [           main] DEBUG ansaction.jdbc.JdbcTransaction  - Closing JDBC Connection [com.mysql.jdbc.JDBC4Connection@1ca901e]
2019-08-31 17:52:30,275 440    [           main] DEBUG source.pooled.PooledDataSource  - Returned connection 30052382 to pool.
2019-08-31 23:09:13,334 0      [           main] DEBUG ache.ibatis.logging.LogFactory  - Logging initialized using 'class org.apache.ibatis.logging.log4j.Log4jImpl' adapter.
2019-08-31 23:09:13,443 109    [           main] DEBUG source.pooled.PooledDataSource  - PooledDataSource forcefully closed/removed all connections.
2019-08-31 23:09:13,443 109    [           main] DEBUG source.pooled.PooledDataSource  - PooledDataSource forcefully closed/removed all connections.
2019-08-31 23:09:13,443 109    [           main] DEBUG source.pooled.PooledDataSource  - PooledDataSource forcefully closed/removed all connections.
2019-08-31 23:09:13,443 109    [           main] DEBUG source.pooled.PooledDataSource  - PooledDataSource forcefully closed/removed all connections.
2019-08-31 23:09:13,553 219    [           main] DEBUG ansaction.jdbc.JdbcTransaction  - Opening JDBC Connection
2019-08-31 23:09:13,771 437    [           main] DEBUG source.pooled.PooledDataSource  - Created connection 30052382.
2019-08-31 23:09:13,771 437    [           main] DEBUG ansaction.jdbc.JdbcTransaction  - Setting autocommit to false on JDBC Connection [com.mysql.jdbc.JDBC4Connection@1ca901e]
2019-08-31 23:09:13,787 453    [           main] DEBUG m.itheima.dao.IUserDao.findAll  - ==>  Preparing: select * from user; 
2019-08-31 23:09:13,818 484    [           main] DEBUG m.itheima.dao.IUserDao.findAll  - ==> Parameters: 
2019-08-31 23:09:13,849 515    [           main] DEBUG m.itheima.dao.IUserDao.findAll  - <==      Total: 6
2019-08-31 23:09:13,849 515    [           main] DEBUG ansaction.jdbc.JdbcTransaction  - Resetting autocommit to true on JDBC Connection [com.mysql.jdbc.JDBC4Connection@1ca901e]
2019-08-31 23:09:13,849 515    [           main] DEBUG ansaction.jdbc.JdbcTransaction  - Closing JDBC Connection [com.mysql.jdbc.JDBC4Connection@1ca901e]
2019-08-31 23:09:13,849 515    [           main] DEBUG source.pooled.PooledDataSource  - Returned connection 30052382 to pool.
2019-08-31 23:10:27,570 0      [           main] DEBUG ache.ibatis.logging.LogFactory  - Logging initialized using 'class org.apache.ibatis.logging.log4j.Log4jImpl' adapter.
2019-08-31 23:10:27,696 126    [           main] DEBUG source.pooled.PooledDataSource  - PooledDataSource forcefully closed/removed all connections.
2019-08-31 23:10:27,696 126    [           main] DEBUG source.pooled.PooledDataSource  - PooledDataSource forcefully closed/removed all connections.
2019-08-31 23:10:27,696 126    [           main] DEBUG source.pooled.PooledDataSource  - PooledDataSource forcefully closed/removed all connections.
2019-08-31 23:10:27,696 126    [           main] DEBUG source.pooled.PooledDataSource  - PooledDataSource forcefully closed/removed all connections.
2019-08-31 23:10:27,774 204    [           main] DEBUG ansaction.jdbc.JdbcTransaction  - Opening JDBC Connection
2019-08-31 23:10:27,977 407    [           main] DEBUG source.pooled.PooledDataSource  - Created connection 30052382.
2019-08-31 23:10:27,977 407    [           main] DEBUG ansaction.jdbc.JdbcTransaction  - Setting autocommit to false on JDBC Connection [com.mysql.jdbc.JDBC4Connection@1ca901e]
2019-08-31 23:10:27,993 423    [           main] DEBUG m.itheima.dao.IUserDao.findAll  - ==>  Preparing: select * from user 
2019-08-31 23:10:28,024 454    [           main] DEBUG m.itheima.dao.IUserDao.findAll  - ==> Parameters: 
2019-08-31 23:10:28,040 470    [           main] DEBUG m.itheima.dao.IUserDao.findAll  - <==      Total: 6
2019-08-31 23:10:28,040 470    [           main] DEBUG ansaction.jdbc.JdbcTransaction  - Resetting autocommit to true on JDBC Connection [com.mysql.jdbc.JDBC4Connection@1ca901e]
2019-08-31 23:10:28,040 470    [           main] DEBUG ansaction.jdbc.JdbcTransaction  - Closing JDBC Connection [com.mysql.jdbc.JDBC4Connection@1ca901e]
2019-08-31 23:10:28,040 470    [           main] DEBUG source.pooled.PooledDataSource  - Returned connection 30052382 to pool.
2019-08-31 23:11:06,970 0      [           main] DEBUG ache.ibatis.logging.LogFactory  - Logging initialized using 'class org.apache.ibatis.logging.log4j.Log4jImpl' adapter.
2019-08-31 23:11:07,111 141    [           main] DEBUG source.pooled.PooledDataSource  - PooledDataSource forcefully closed/removed all connections.
2019-08-31 23:11:07,111 141    [           main] DEBUG source.pooled.PooledDataSource  - PooledDataSource forcefully closed/removed all connections.
2019-08-31 23:11:07,111 141    [           main] DEBUG source.pooled.PooledDataSource  - PooledDataSource forcefully closed/removed all connections.
2019-08-31 23:11:07,111 141    [           main] DEBUG source.pooled.PooledDataSource  - PooledDataSource forcefully closed/removed all connections.
2019-08-31 23:11:07,189 219    [           main] DEBUG ansaction.jdbc.JdbcTransaction  - Opening JDBC Connection
2019-08-31 23:11:07,377 407    [           main] DEBUG source.pooled.PooledDataSource  - Created connection 30052382.
2019-08-31 23:11:07,377 407    [           main] DEBUG ansaction.jdbc.JdbcTransaction  - Setting autocommit to false on JDBC Connection [com.mysql.jdbc.JDBC4Connection@1ca901e]
2019-08-31 23:11:07,377 407    [           main] DEBUG m.itheima.dao.IUserDao.findAll  - ==>  Preparing: select * from user 
2019-08-31 23:11:07,393 423    [           main] DEBUG m.itheima.dao.IUserDao.findAll  - ==> Parameters: 
2019-08-31 23:11:07,424 454    [           main] DEBUG m.itheima.dao.IUserDao.findAll  - <==      Total: 6
2019-08-31 23:11:07,424 454    [           main] DEBUG ansaction.jdbc.JdbcTransaction  - Resetting autocommit to true on JDBC Connection [com.mysql.jdbc.JDBC4Connection@1ca901e]
2019-08-31 23:11:07,424 454    [           main] DEBUG ansaction.jdbc.JdbcTransaction  - Closing JDBC Connection [com.mysql.jdbc.JDBC4Connection@1ca901e]
2019-08-31 23:11:07,424 454    [           main] DEBUG source.pooled.PooledDataSource  - Returned connection 30052382 to pool.
2019-09-01 08:23:32,985 0      [           main] DEBUG ache.ibatis.logging.LogFactory  - Logging initialized using 'class org.apache.ibatis.logging.log4j.Log4jImpl' adapter.
2019-09-01 08:23:33,157 172    [           main] DEBUG source.pooled.PooledDataSource  - PooledDataSource forcefully closed/removed all connections.
2019-09-01 08:23:33,157 172    [           main] DEBUG source.pooled.PooledDataSource  - PooledDataSource forcefully closed/removed all connections.
2019-09-01 08:23:33,157 172    [           main] DEBUG source.pooled.PooledDataSource  - PooledDataSource forcefully closed/removed all connections.
2019-09-01 08:23:33,157 172    [           main] DEBUG source.pooled.PooledDataSource  - PooledDataSource forcefully closed/removed all connections.
2019-09-01 08:31:25,132 0      [           main] DEBUG ache.ibatis.logging.LogFactory  - Logging initialized using 'class org.apache.ibatis.logging.log4j.Log4jImpl' adapter.
2019-09-01 08:31:25,273 141    [           main] DEBUG source.pooled.PooledDataSource  - PooledDataSource forcefully closed/removed all connections.
2019-09-01 08:31:25,273 141    [           main] DEBUG source.pooled.PooledDataSource  - PooledDataSource forcefully closed/removed all connections.
2019-09-01 08:31:25,273 141    [           main] DEBUG source.pooled.PooledDataSource  - PooledDataSource forcefully closed/removed all connections.
2019-09-01 08:31:25,273 141    [           main] DEBUG source.pooled.PooledDataSource  - PooledDataSource forcefully closed/removed all connections.
2019-09-01 08:33:03,104 0      [           main] DEBUG ache.ibatis.logging.LogFactory  - Logging initialized using 'class org.apache.ibatis.logging.log4j.Log4jImpl' adapter.
2019-09-01 08:33:03,204 100    [           main] DEBUG source.pooled.PooledDataSource  - PooledDataSource forcefully closed/removed all connections.
2019-09-01 08:33:03,204 100    [           main] DEBUG source.pooled.PooledDataSource  - PooledDataSource forcefully closed/removed all connections.
2019-09-01 08:33:03,204 100    [           main] DEBUG source.pooled.PooledDataSource  - PooledDataSource forcefully closed/removed all connections.
2019-09-01 08:33:03,204 100    [           main] DEBUG source.pooled.PooledDataSource  - PooledDataSource forcefully closed/removed all connections.
2019-09-01 13:11:45,042 0      [           main] DEBUG ache.ibatis.logging.LogFactory  - Logging initialized using 'class org.apache.ibatis.logging.log4j.Log4jImpl' adapter.
2019-09-01 13:11:45,269 227    [           main] DEBUG source.pooled.PooledDataSource  - PooledDataSource forcefully closed/removed all connections.
2019-09-01 13:11:45,270 228    [           main] DEBUG source.pooled.PooledDataSource  - PooledDataSource forcefully closed/removed all connections.
2019-09-01 13:11:45,270 228    [           main] DEBUG source.pooled.PooledDataSource  - PooledDataSource forcefully closed/removed all connections.
2019-09-01 13:11:45,270 228    [           main] DEBUG source.pooled.PooledDataSource  - PooledDataSource forcefully closed/removed all connections.
2019-09-01 13:11:45,414 372    [           main] DEBUG ansaction.jdbc.JdbcTransaction  - Opening JDBC Connection
2019-09-01 13:11:45,638 596    [           main] DEBUG source.pooled.PooledDataSource  - Created connection 8350604.
2019-09-01 13:11:45,638 596    [           main] DEBUG ansaction.jdbc.JdbcTransaction  - Setting autocommit to false on JDBC Connection [com.mysql.jdbc.JDBC4Connection@7f6b8c]
2019-09-01 13:11:45,640 598    [           main] DEBUG m.itheima.dao.IUserDao.findAll  - ==>  Preparing: select * from user 
2019-09-01 13:11:45,674 632    [           main] DEBUG m.itheima.dao.IUserDao.findAll  - ==> Parameters: 
2019-09-01 13:11:45,702 660    [           main] DEBUG m.itheima.dao.IUserDao.findAll  - <==      Total: 6
2019-09-01 13:11:45,705 663    [           main] DEBUG ansaction.jdbc.JdbcTransaction  - Resetting autocommit to true on JDBC Connection [com.mysql.jdbc.JDBC4Connection@7f6b8c]
2019-09-01 13:11:45,705 663    [           main] DEBUG ansaction.jdbc.JdbcTransaction  - Closing JDBC Connection [com.mysql.jdbc.JDBC4Connection@7f6b8c]
2019-09-01 13:11:45,705 663    [           main] DEBUG source.pooled.PooledDataSource  - Returned connection 8350604 to pool.
2019-09-01 13:22:32,716 0      [           main] DEBUG ache.ibatis.logging.LogFactory  - Logging initialized using 'class org.apache.ibatis.logging.log4j.Log4jImpl' adapter.
2019-09-01 13:22:32,858 142    [           main] DEBUG source.pooled.PooledDataSource  - PooledDataSource forcefully closed/removed all connections.
2019-09-01 13:22:32,858 142    [           main] DEBUG source.pooled.PooledDataSource  - PooledDataSource forcefully closed/removed all connections.
2019-09-01 13:22:32,859 143    [           main] DEBUG source.pooled.PooledDataSource  - PooledDataSource forcefully closed/removed all connections.
2019-09-01 13:22:32,859 143    [           main] DEBUG source.pooled.PooledDataSource  - PooledDataSource forcefully closed/removed all connections.
2019-09-01 13:22:32,994 278    [           main] DEBUG ansaction.jdbc.JdbcTransaction  - Opening JDBC Connection
2019-09-01 13:22:33,205 489    [           main] DEBUG source.pooled.PooledDataSource  - Created connection 33316792.
2019-09-01 13:22:33,206 490    [           main] DEBUG ansaction.jdbc.JdbcTransaction  - Setting autocommit to false on JDBC Connection [com.mysql.jdbc.JDBC4Connection@1fc5fb8]
2019-09-01 13:22:33,208 492    [           main] DEBUG .itheima.dao.IUserDao.saveUser  - ==>  Preparing: insert into user(username,address,sex,birthday)values(?,?,?,?); 
2019-09-01 13:22:33,237 521    [           main] DEBUG ansaction.jdbc.JdbcTransaction  - Committing JDBC Connection [com.mysql.jdbc.JDBC4Connection@1fc5fb8]
2019-09-01 13:22:33,238 522    [           main] DEBUG ansaction.jdbc.JdbcTransaction  - Resetting autocommit to true on JDBC Connection [com.mysql.jdbc.JDBC4Connection@1fc5fb8]
2019-09-01 13:22:33,238 522    [           main] DEBUG ansaction.jdbc.JdbcTransaction  - Closing JDBC Connection [com.mysql.jdbc.JDBC4Connection@1fc5fb8]
2019-09-01 13:22:33,238 522    [           main] DEBUG source.pooled.PooledDataSource  - Returned connection 33316792 to pool.
2019-09-01 13:28:04,242 0      [           main] DEBUG ache.ibatis.logging.LogFactory  - Logging initialized using 'class org.apache.ibatis.logging.log4j.Log4jImpl' adapter.
2019-09-01 13:28:04,389 147    [           main] DEBUG source.pooled.PooledDataSource  - PooledDataSource forcefully closed/removed all connections.
2019-09-01 13:28:04,390 148    [           main] DEBUG source.pooled.PooledDataSource  - PooledDataSource forcefully closed/removed all connections.
2019-09-01 13:28:04,390 148    [           main] DEBUG source.pooled.PooledDataSource  - PooledDataSource forcefully closed/removed all connections.
2019-09-01 13:28:04,390 148    [           main] DEBUG source.pooled.PooledDataSource  - PooledDataSource forcefully closed/removed all connections.
2019-09-01 13:28:04,507 265    [           main] DEBUG ansaction.jdbc.JdbcTransaction  - Opening JDBC Connection
2019-09-01 13:28:04,716 474    [           main] DEBUG source.pooled.PooledDataSource  - Created connection 33316792.
2019-09-01 13:28:04,716 474    [           main] DEBUG ansaction.jdbc.JdbcTransaction  - Setting autocommit to false on JDBC Connection [com.mysql.jdbc.JDBC4Connection@1fc5fb8]
2019-09-01 13:28:04,718 476    [           main] DEBUG .itheima.dao.IUserDao.saveUser  - ==>  Preparing: insert into user(username,address,sex,birthday)values(?,?,?,?); 
2019-09-01 13:28:04,755 513    [           main] DEBUG .itheima.dao.IUserDao.saveUser  - ==> Parameters: jack(String), new york(String), 男(String), 2019-09-01 13:28:04.492(Timestamp)
2019-09-01 13:28:04,757 515    [           main] DEBUG .itheima.dao.IUserDao.saveUser  - <==    Updates: 1
2019-09-01 13:28:04,757 515    [           main] DEBUG ansaction.jdbc.JdbcTransaction  - Committing JDBC Connection [com.mysql.jdbc.JDBC4Connection@1fc5fb8]
2019-09-01 13:28:04,759 517    [           main] DEBUG ansaction.jdbc.JdbcTransaction  - Resetting autocommit to true on JDBC Connection [com.mysql.jdbc.JDBC4Connection@1fc5fb8]
2019-09-01 13:28:04,760 518    [           main] DEBUG ansaction.jdbc.JdbcTransaction  - Closing JDBC Connection [com.mysql.jdbc.JDBC4Connection@1fc5fb8]
2019-09-01 13:28:04,760 518    [           main] DEBUG source.pooled.PooledDataSource  - Returned connection 33316792 to pool.
2019-09-01 16:30:12,070 0      [           main] DEBUG ache.ibatis.logging.LogFactory  - Logging initialized using 'class org.apache.ibatis.logging.log4j.Log4jImpl' adapter.
2019-09-01 16:30:12,208 138    [           main] DEBUG source.pooled.PooledDataSource  - PooledDataSource forcefully closed/removed all connections.
2019-09-01 16:30:12,209 139    [           main] DEBUG source.pooled.PooledDataSource  - PooledDataSource forcefully closed/removed all connections.
2019-09-01 16:30:12,209 139    [           main] DEBUG source.pooled.PooledDataSource  - PooledDataSource forcefully closed/removed all connections.
2019-09-01 16:30:12,209 139    [           main] DEBUG source.pooled.PooledDataSource  - PooledDataSource forcefully closed/removed all connections.
2019-09-01 16:30:12,317 247    [           main] DEBUG ansaction.jdbc.JdbcTransaction  - Opening JDBC Connection
2019-09-01 16:30:12,533 463    [           main] DEBUG source.pooled.PooledDataSource  - Created connection 11665382.
2019-09-01 16:30:12,533 463    [           main] DEBUG ansaction.jdbc.JdbcTransaction  - Setting autocommit to false on JDBC Connection [com.mysql.jdbc.JDBC4Connection@b1ffe6]
2019-09-01 16:30:12,538 468    [           main] DEBUG theima.dao.IUserDao.updateUser  - ==>  Preparing: update user set username=?,address=?,sex=?,birthday=? where id=? 
2019-09-01 16:30:12,570 500    [           main] DEBUG theima.dao.IUserDao.updateUser  - ==> Parameters: jack(String), new york(String), 女(String), 2019-09-01 16:30:12.306(Timestamp), 43(Integer)
2019-09-01 16:30:12,574 504    [           main] DEBUG theima.dao.IUserDao.updateUser  - <==    Updates: 1
2019-09-01 16:30:12,574 504    [           main] DEBUG ansaction.jdbc.JdbcTransaction  - Committing JDBC Connection [com.mysql.jdbc.JDBC4Connection@b1ffe6]
2019-09-01 16:30:12,576 506    [           main] DEBUG ansaction.jdbc.JdbcTransaction  - Resetting autocommit to true on JDBC Connection [com.mysql.jdbc.JDBC4Connection@b1ffe6]
2019-09-01 16:30:12,576 506    [           main] DEBUG ansaction.jdbc.JdbcTransaction  - Closing JDBC Connection [com.mysql.jdbc.JDBC4Connection@b1ffe6]
2019-09-01 16:30:12,576 506    [           main] DEBUG source.pooled.PooledDataSource  - Returned connection 11665382 to pool.
2019-09-01 16:36:20,691 0      [           main] DEBUG ache.ibatis.logging.LogFactory  - Logging initialized using 'class org.apache.ibatis.logging.log4j.Log4jImpl' adapter.
2019-09-01 16:36:20,815 124    [           main] DEBUG source.pooled.PooledDataSource  - PooledDataSource forcefully closed/removed all connections.
2019-09-01 16:36:20,815 124    [           main] DEBUG source.pooled.PooledDataSource  - PooledDataSource forcefully closed/removed all connections.
2019-09-01 16:36:20,815 124    [           main] DEBUG source.pooled.PooledDataSource  - PooledDataSource forcefully closed/removed all connections.
2019-09-01 16:36:20,815 124    [           main] DEBUG source.pooled.PooledDataSource  - PooledDataSource forcefully closed/removed all connections.
2019-09-01 16:36:20,940 249    [           main] DEBUG ansaction.jdbc.JdbcTransaction  - Opening JDBC Connection
2019-09-01 16:36:21,188 497    [           main] DEBUG source.pooled.PooledDataSource  - Created connection 11665382.
2019-09-01 16:36:21,189 498    [           main] DEBUG ansaction.jdbc.JdbcTransaction  - Setting autocommit to false on JDBC Connection [com.mysql.jdbc.JDBC4Connection@b1ffe6]
2019-09-01 16:36:21,192 501    [           main] DEBUG theima.dao.IUserDao.deleteUser  - ==>  Preparing: delete from user where id=? 
2019-09-01 16:36:21,220 529    [           main] DEBUG theima.dao.IUserDao.deleteUser  - ==> Parameters: 49(Integer)
2019-09-01 16:36:21,221 530    [           main] DEBUG theima.dao.IUserDao.deleteUser  - <==    Updates: 1
2019-09-01 16:36:21,222 531    [           main] DEBUG ansaction.jdbc.JdbcTransaction  - Committing JDBC Connection [com.mysql.jdbc.JDBC4Connection@b1ffe6]
2019-09-01 16:36:21,224 533    [           main] DEBUG ansaction.jdbc.JdbcTransaction  - Resetting autocommit to true on JDBC Connection [com.mysql.jdbc.JDBC4Connection@b1ffe6]
2019-09-01 16:36:21,224 533    [           main] DEBUG ansaction.jdbc.JdbcTransaction  - Closing JDBC Connection [com.mysql.jdbc.JDBC4Connection@b1ffe6]
2019-09-01 16:36:21,224 533    [           main] DEBUG source.pooled.PooledDataSource  - Returned connection 11665382 to pool.
2019-09-01 16:36:37,838 0      [           main] DEBUG ache.ibatis.logging.LogFactory  - Logging initialized using 'class org.apache.ibatis.logging.log4j.Log4jImpl' adapter.
2019-09-01 16:36:37,946 108    [           main] DEBUG source.pooled.PooledDataSource  - PooledDataSource forcefully closed/removed all connections.
2019-09-01 16:36:37,946 108    [           main] DEBUG source.pooled.PooledDataSource  - PooledDataSource forcefully closed/removed all connections.
2019-09-01 16:36:37,946 108    [           main] DEBUG source.pooled.PooledDataSource  - PooledDataSource forcefully closed/removed all connections.
2019-09-01 16:36:37,946 108    [           main] DEBUG source.pooled.PooledDataSource  - PooledDataSource forcefully closed/removed all connections.
2019-09-01 16:36:38,058 220    [           main] DEBUG ansaction.jdbc.JdbcTransaction  - Opening JDBC Connection
2019-09-01 16:36:38,280 442    [           main] DEBUG source.pooled.PooledDataSource  - Created connection 33316792.
2019-09-01 16:36:38,280 442    [           main] DEBUG ansaction.jdbc.JdbcTransaction  - Setting autocommit to false on JDBC Connection [com.mysql.jdbc.JDBC4Connection@1fc5fb8]
2019-09-01 16:36:38,283 445    [           main] DEBUG .itheima.dao.IUserDao.saveUser  - ==>  Preparing: insert into user(username,address,sex,birthday)values(?,?,?,?); 
2019-09-01 16:36:38,314 476    [           main] DEBUG .itheima.dao.IUserDao.saveUser  - ==> Parameters: jack(String), new york(String), 男(String), 2019-09-01 16:36:38.04(Timestamp)
2019-09-01 16:36:38,315 477    [           main] DEBUG .itheima.dao.IUserDao.saveUser  - <==    Updates: 1
2019-09-01 16:36:38,315 477    [           main] DEBUG ansaction.jdbc.JdbcTransaction  - Committing JDBC Connection [com.mysql.jdbc.JDBC4Connection@1fc5fb8]
2019-09-01 16:36:38,317 479    [           main] DEBUG ansaction.jdbc.JdbcTransaction  - Resetting autocommit to true on JDBC Connection [com.mysql.jdbc.JDBC4Connection@1fc5fb8]
2019-09-01 16:36:38,317 479    [           main] DEBUG ansaction.jdbc.JdbcTransaction  - Closing JDBC Connection [com.mysql.jdbc.JDBC4Connection@1fc5fb8]
2019-09-01 16:36:38,317 479    [           main] DEBUG source.pooled.PooledDataSource  - Returned connection 33316792 to pool.
2019-09-01 16:53:29,930 0      [           main] DEBUG ache.ibatis.logging.LogFactory  - Logging initialized using 'class org.apache.ibatis.logging.log4j.Log4jImpl' adapter.
2019-09-01 16:53:30,091 161    [           main] DEBUG source.pooled.PooledDataSource  - PooledDataSource forcefully closed/removed all connections.
2019-09-01 16:53:30,092 162    [           main] DEBUG source.pooled.PooledDataSource  - PooledDataSource forcefully closed/removed all connections.
2019-09-01 16:53:30,092 162    [           main] DEBUG source.pooled.PooledDataSource  - PooledDataSource forcefully closed/removed all connections.
2019-09-01 16:53:30,093 163    [           main] DEBUG source.pooled.PooledDataSource  - PooledDataSource forcefully closed/removed all connections.
2019-09-01 16:53:30,246 316    [           main] DEBUG ansaction.jdbc.JdbcTransaction  - Opening JDBC Connection
2019-09-01 16:53:30,445 515    [           main] DEBUG source.pooled.PooledDataSource  - Created connection 18439107.
2019-09-01 16:53:30,445 515    [           main] DEBUG ansaction.jdbc.JdbcTransaction  - Setting autocommit to false on JDBC Connection [com.mysql.jdbc.JDBC4Connection@1195bc3]
2019-09-01 16:53:30,446 516    [           main] DEBUG .itheima.dao.IUserDao.findById  - ==>  Preparing: select * from user where id = ? 
2019-09-01 16:53:30,472 542    [           main] DEBUG .itheima.dao.IUserDao.findById  - ==> Parameters: 48(Integer)
2019-09-01 16:53:30,497 567    [           main] DEBUG .itheima.dao.IUserDao.findById  - <==      Total: 1
2019-09-01 16:53:30,498 568    [           main] DEBUG ansaction.jdbc.JdbcTransaction  - Resetting autocommit to true on JDBC Connection [com.mysql.jdbc.JDBC4Connection@1195bc3]
2019-09-01 16:53:30,498 568    [           main] DEBUG ansaction.jdbc.JdbcTransaction  - Closing JDBC Connection [com.mysql.jdbc.JDBC4Connection@1195bc3]
2019-09-01 16:53:30,498 568    [           main] DEBUG source.pooled.PooledDataSource  - Returned connection 18439107 to pool.
2019-09-01 17:04:04,312 0      [           main] DEBUG ache.ibatis.logging.LogFactory  - Logging initialized using 'class org.apache.ibatis.logging.log4j.Log4jImpl' adapter.
2019-09-01 17:04:04,420 108    [           main] DEBUG source.pooled.PooledDataSource  - PooledDataSource forcefully closed/removed all connections.
2019-09-01 17:04:04,420 108    [           main] DEBUG source.pooled.PooledDataSource  - PooledDataSource forcefully closed/removed all connections.
2019-09-01 17:04:04,420 108    [           main] DEBUG source.pooled.PooledDataSource  - PooledDataSource forcefully closed/removed all connections.
2019-09-01 17:04:04,420 108    [           main] DEBUG source.pooled.PooledDataSource  - PooledDataSource forcefully closed/removed all connections.
2019-09-01 17:04:04,535 223    [           main] DEBUG ansaction.jdbc.JdbcTransaction  - Opening JDBC Connection
2019-09-01 17:04:04,722 410    [           main] DEBUG source.pooled.PooledDataSource  - Created connection 18439107.
2019-09-01 17:04:04,722 410    [           main] DEBUG ansaction.jdbc.JdbcTransaction  - Setting autocommit to false on JDBC Connection [com.mysql.jdbc.JDBC4Connection@1195bc3]
2019-09-01 17:04:04,724 412    [           main] DEBUG theima.dao.IUserDao.findByName  - ==>  Preparing: select * from user where username like ? 
2019-09-01 17:04:04,750 438    [           main] DEBUG theima.dao.IUserDao.findByName  - ==> Parameters: %王%(String)
2019-09-01 17:04:04,765 453    [           main] DEBUG theima.dao.IUserDao.findByName  - <==      Total: 3
2019-09-01 17:04:04,766 454    [           main] DEBUG ansaction.jdbc.JdbcTransaction  - Resetting autocommit to true on JDBC Connection [com.mysql.jdbc.JDBC4Connection@1195bc3]
2019-09-01 17:04:04,766 454    [           main] DEBUG ansaction.jdbc.JdbcTransaction  - Closing JDBC Connection [com.mysql.jdbc.JDBC4Connection@1195bc3]
2019-09-01 17:04:04,766 454    [           main] DEBUG source.pooled.PooledDataSource  - Returned connection 18439107 to pool.
2019-09-01 17:04:12,812 0      [           main] DEBUG ache.ibatis.logging.LogFactory  - Logging initialized using 'class org.apache.ibatis.logging.log4j.Log4jImpl' adapter.
2019-09-01 17:04:12,916 104    [           main] DEBUG source.pooled.PooledDataSource  - PooledDataSource forcefully closed/removed all connections.
2019-09-01 17:04:12,916 104    [           main] DEBUG source.pooled.PooledDataSource  - PooledDataSource forcefully closed/removed all connections.
2019-09-01 17:04:12,916 104    [           main] DEBUG source.pooled.PooledDataSource  - PooledDataSource forcefully closed/removed all connections.
2019-09-01 17:04:12,916 104    [           main] DEBUG source.pooled.PooledDataSource  - PooledDataSource forcefully closed/removed all connections.
2019-09-01 17:04:13,018 206    [           main] DEBUG ansaction.jdbc.JdbcTransaction  - Opening JDBC Connection
2019-09-01 17:04:13,203 391    [           main] DEBUG source.pooled.PooledDataSource  - Created connection 8350604.
2019-09-01 17:04:13,204 392    [           main] DEBUG ansaction.jdbc.JdbcTransaction  - Setting autocommit to false on JDBC Connection [com.mysql.jdbc.JDBC4Connection@7f6b8c]
2019-09-01 17:04:13,205 393    [           main] DEBUG itheima.dao.IUserDao.findTotal  - ==>  Preparing: select count(id) from user 
2019-09-01 17:04:13,230 418    [           main] DEBUG itheima.dao.IUserDao.findTotal  - ==> Parameters: 
2019-09-01 17:04:13,245 433    [           main] DEBUG itheima.dao.IUserDao.findTotal  - <==      Total: 1
2019-09-01 17:04:13,245 433    [           main] DEBUG ansaction.jdbc.JdbcTransaction  - Resetting autocommit to true on JDBC Connection [com.mysql.jdbc.JDBC4Connection@7f6b8c]
2019-09-01 17:04:13,246 434    [           main] DEBUG ansaction.jdbc.JdbcTransaction  - Closing JDBC Connection [com.mysql.jdbc.JDBC4Connection@7f6b8c]
2019-09-01 17:04:13,246 434    [           main] DEBUG source.pooled.PooledDataSource  - Returned connection 8350604 to pool.
2019-09-01 21:30:47,579 0      [           main] DEBUG ache.ibatis.logging.LogFactory  - Logging initialized using 'class org.apache.ibatis.logging.log4j.Log4jImpl' adapter.
2019-09-01 21:30:47,733 154    [           main] DEBUG source.pooled.PooledDataSource  - PooledDataSource forcefully closed/removed all connections.
2019-09-01 21:30:47,733 154    [           main] DEBUG source.pooled.PooledDataSource  - PooledDataSource forcefully closed/removed all connections.
2019-09-01 21:30:47,733 154    [           main] DEBUG source.pooled.PooledDataSource  - PooledDataSource forcefully closed/removed all connections.
2019-09-01 21:30:47,733 154    [           main] DEBUG source.pooled.PooledDataSource  - PooledDataSource forcefully closed/removed all connections.
2019-09-01 21:30:47,847 268    [           main] DEBUG ansaction.jdbc.JdbcTransaction  - Opening JDBC Connection
2019-09-01 21:30:48,044 465    [           main] DEBUG source.pooled.PooledDataSource  - Created connection 18439107.
2019-09-01 21:30:48,044 465    [           main] DEBUG ansaction.jdbc.JdbcTransaction  - Setting autocommit to false on JDBC Connection [com.mysql.jdbc.JDBC4Connection@1195bc3]
2019-09-01 21:30:48,046 467    [           main] DEBUG theima.dao.IUserDao.findByName  - ==>  Preparing: select * from user where username like ? 
2019-09-01 21:30:48,072 493    [           main] DEBUG theima.dao.IUserDao.findByName  - ==> Parameters: %王%(String)
2019-09-01 21:30:48,089 510    [           main] DEBUG theima.dao.IUserDao.findByName  - <==      Total: 3
2019-09-01 21:30:48,090 511    [           main] DEBUG ansaction.jdbc.JdbcTransaction  - Resetting autocommit to true on JDBC Connection [com.mysql.jdbc.JDBC4Connection@1195bc3]
2019-09-01 21:30:48,090 511    [           main] DEBUG ansaction.jdbc.JdbcTransaction  - Closing JDBC Connection [com.mysql.jdbc.JDBC4Connection@1195bc3]
2019-09-01 21:30:48,090 511    [           main] DEBUG source.pooled.PooledDataSource  - Returned connection 18439107 to pool.
2019-09-01 21:31:03,475 0      [           main] DEBUG ache.ibatis.logging.LogFactory  - Logging initialized using 'class org.apache.ibatis.logging.log4j.Log4jImpl' adapter.
2019-09-01 21:31:03,589 114    [           main] DEBUG source.pooled.PooledDataSource  - PooledDataSource forcefully closed/removed all connections.
2019-09-01 21:31:03,590 115    [           main] DEBUG source.pooled.PooledDataSource  - PooledDataSource forcefully closed/removed all connections.
2019-09-01 21:31:03,590 115    [           main] DEBUG source.pooled.PooledDataSource  - PooledDataSource forcefully closed/removed all connections.
2019-09-01 21:31:03,590 115    [           main] DEBUG source.pooled.PooledDataSource  - PooledDataSource forcefully closed/removed all connections.
2019-09-01 21:31:03,734 259    [           main] DEBUG ansaction.jdbc.JdbcTransaction  - Opening JDBC Connection
2019-09-01 21:31:03,950 475    [           main] DEBUG source.pooled.PooledDataSource  - Created connection 8350604.
2019-09-01 21:31:03,950 475    [           main] DEBUG ansaction.jdbc.JdbcTransaction  - Setting autocommit to false on JDBC Connection [com.mysql.jdbc.JDBC4Connection@7f6b8c]
2019-09-01 21:31:03,953 478    [           main] DEBUG m.itheima.dao.IUserDao.findAll  - ==>  Preparing: select * from user 
2019-09-01 21:31:03,977 502    [           main] DEBUG m.itheima.dao.IUserDao.findAll  - ==> Parameters: 
2019-09-01 21:31:03,995 520    [           main] DEBUG m.itheima.dao.IUserDao.findAll  - <==      Total: 7
2019-09-01 21:31:03,997 522    [           main] DEBUG ansaction.jdbc.JdbcTransaction  - Resetting autocommit to true on JDBC Connection [com.mysql.jdbc.JDBC4Connection@7f6b8c]
2019-09-01 21:31:03,997 522    [           main] DEBUG ansaction.jdbc.JdbcTransaction  - Closing JDBC Connection [com.mysql.jdbc.JDBC4Connection@7f6b8c]
2019-09-01 21:31:03,997 522    [           main] DEBUG source.pooled.PooledDataSource  - Returned connection 8350604 to pool.
2019-09-01 21:35:30,549 0      [           main] DEBUG ache.ibatis.logging.LogFactory  - Logging initialized using 'class org.apache.ibatis.logging.log4j.Log4jImpl' adapter.
2019-09-01 21:35:30,651 102    [           main] DEBUG source.pooled.PooledDataSource  - PooledDataSource forcefully closed/removed all connections.
2019-09-01 21:35:30,651 102    [           main] DEBUG source.pooled.PooledDataSource  - PooledDataSource forcefully closed/removed all connections.
2019-09-01 21:35:30,651 102    [           main] DEBUG source.pooled.PooledDataSource  - PooledDataSource forcefully closed/removed all connections.
2019-09-01 21:35:30,651 102    [           main] DEBUG source.pooled.PooledDataSource  - PooledDataSource forcefully closed/removed all connections.
2019-09-01 21:35:30,757 208    [           main] DEBUG ansaction.jdbc.JdbcTransaction  - Opening JDBC Connection
2019-09-01 21:35:30,970 421    [           main] DEBUG source.pooled.PooledDataSource  - Created connection 8350604.
2019-09-01 21:35:30,970 421    [           main] DEBUG ansaction.jdbc.JdbcTransaction  - Setting autocommit to false on JDBC Connection [com.mysql.jdbc.JDBC4Connection@7f6b8c]
2019-09-01 21:35:30,973 424    [           main] DEBUG m.itheima.dao.IUserDao.findAll  - ==>  Preparing: select * from user 
2019-09-01 21:35:31,000 451    [           main] DEBUG m.itheima.dao.IUserDao.findAll  - ==> Parameters: 
2019-09-01 21:35:31,028 479    [           main] DEBUG m.itheima.dao.IUserDao.findAll  - <==      Total: 7
2019-09-01 21:35:31,032 483    [           main] DEBUG ansaction.jdbc.JdbcTransaction  - Resetting autocommit to true on JDBC Connection [com.mysql.jdbc.JDBC4Connection@7f6b8c]
2019-09-01 21:35:31,033 484    [           main] DEBUG ansaction.jdbc.JdbcTransaction  - Closing JDBC Connection [com.mysql.jdbc.JDBC4Connection@7f6b8c]
2019-09-01 21:35:31,033 484    [           main] DEBUG source.pooled.PooledDataSource  - Returned connection 8350604 to pool.
2019-09-01 21:36:00,348 0      [           main] DEBUG ache.ibatis.logging.LogFactory  - Logging initialized using 'class org.apache.ibatis.logging.log4j.Log4jImpl' adapter.
2019-09-01 21:36:00,454 106    [           main] DEBUG source.pooled.PooledDataSource  - PooledDataSource forcefully closed/removed all connections.
2019-09-01 21:36:00,454 106    [           main] DEBUG source.pooled.PooledDataSource  - PooledDataSource forcefully closed/removed all connections.
2019-09-01 21:36:00,454 106    [           main] DEBUG source.pooled.PooledDataSource  - PooledDataSource forcefully closed/removed all connections.
2019-09-01 21:36:00,456 108    [           main] DEBUG source.pooled.PooledDataSource  - PooledDataSource forcefully closed/removed all connections.
2019-09-01 21:36:00,583 235    [           main] DEBUG ansaction.jdbc.JdbcTransaction  - Opening JDBC Connection
2019-09-01 21:36:00,792 444    [           main] DEBUG source.pooled.PooledDataSource  - Created connection 33316792.
2019-09-01 21:36:00,792 444    [           main] DEBUG ansaction.jdbc.JdbcTransaction  - Setting autocommit to false on JDBC Connection [com.mysql.jdbc.JDBC4Connection@1fc5fb8]
2019-09-01 21:36:00,795 447    [           main] DEBUG .itheima.dao.IUserDao.saveUser  - ==>  Preparing: insert into user(username,address,sex,birthday)values(?,?,?,?); 
2019-09-01 21:36:00,838 490    [           main] DEBUG ansaction.jdbc.JdbcTransaction  - Committing JDBC Connection [com.mysql.jdbc.JDBC4Connection@1fc5fb8]
2019-09-01 21:36:00,839 491    [           main] DEBUG ansaction.jdbc.JdbcTransaction  - Resetting autocommit to true on JDBC Connection [com.mysql.jdbc.JDBC4Connection@1fc5fb8]
2019-09-01 21:36:00,840 492    [           main] DEBUG ansaction.jdbc.JdbcTransaction  - Closing JDBC Connection [com.mysql.jdbc.JDBC4Connection@1fc5fb8]
2019-09-01 21:36:00,840 492    [           main] DEBUG source.pooled.PooledDataSource  - Returned connection 33316792 to pool.
2019-09-01 21:39:56,745 0      [           main] DEBUG ache.ibatis.logging.LogFactory  - Logging initialized using 'class org.apache.ibatis.logging.log4j.Log4jImpl' adapter.
2019-09-01 21:39:56,898 153    [           main] DEBUG source.pooled.PooledDataSource  - PooledDataSource forcefully closed/removed all connections.
2019-09-01 21:39:56,898 153    [           main] DEBUG source.pooled.PooledDataSource  - PooledDataSource forcefully closed/removed all connections.
2019-09-01 21:39:56,899 154    [           main] DEBUG source.pooled.PooledDataSource  - PooledDataSource forcefully closed/removed all connections.
2019-09-01 21:39:56,899 154    [           main] DEBUG source.pooled.PooledDataSource  - PooledDataSource forcefully closed/removed all connections.
2019-09-01 21:39:57,030 285    [           main] DEBUG ansaction.jdbc.JdbcTransaction  - Opening JDBC Connection
2019-09-01 21:39:57,252 507    [           main] DEBUG source.pooled.PooledDataSource  - Created connection 33316792.
2019-09-01 21:39:57,252 507    [           main] DEBUG ansaction.jdbc.JdbcTransaction  - Setting autocommit to false on JDBC Connection [com.mysql.jdbc.JDBC4Connection@1fc5fb8]
2019-09-01 21:39:57,254 509    [           main] DEBUG .itheima.dao.IUserDao.saveUser  - ==>  Preparing: insert into user(username,address,sex,birthday)values(?,?,?,?); 
2019-09-01 21:39:57,284 539    [           main] DEBUG ansaction.jdbc.JdbcTransaction  - Committing JDBC Connection [com.mysql.jdbc.JDBC4Connection@1fc5fb8]
2019-09-01 21:39:57,284 539    [           main] DEBUG ansaction.jdbc.JdbcTransaction  - Resetting autocommit to true on JDBC Connection [com.mysql.jdbc.JDBC4Connection@1fc5fb8]
2019-09-01 21:39:57,285 540    [           main] DEBUG ansaction.jdbc.JdbcTransaction  - Closing JDBC Connection [com.mysql.jdbc.JDBC4Connection@1fc5fb8]
2019-09-01 21:39:57,285 540    [           main] DEBUG source.pooled.PooledDataSource  - Returned connection 33316792 to pool.
2019-09-01 21:42:04,850 0      [           main] DEBUG ache.ibatis.logging.LogFactory  - Logging initialized using 'class org.apache.ibatis.logging.log4j.Log4jImpl' adapter.
2019-09-01 21:42:04,958 108    [           main] DEBUG source.pooled.PooledDataSource  - PooledDataSource forcefully closed/removed all connections.
2019-09-01 21:42:04,958 108    [           main] DEBUG source.pooled.PooledDataSource  - PooledDataSource forcefully closed/removed all connections.
2019-09-01 21:42:04,958 108    [           main] DEBUG source.pooled.PooledDataSource  - PooledDataSource forcefully closed/removed all connections.
2019-09-01 21:42:04,958 108    [           main] DEBUG source.pooled.PooledDataSource  - PooledDataSource forcefully closed/removed all connections.
2019-09-01 21:42:05,077 227    [           main] DEBUG ansaction.jdbc.JdbcTransaction  - Opening JDBC Connection
2019-09-01 21:42:05,276 426    [           main] DEBUG source.pooled.PooledDataSource  - Created connection 8350604.
2019-09-01 21:42:05,276 426    [           main] DEBUG ansaction.jdbc.JdbcTransaction  - Setting autocommit to false on JDBC Connection [com.mysql.jdbc.JDBC4Connection@7f6b8c]
2019-09-01 21:42:05,278 428    [           main] DEBUG m.itheima.dao.IUserDao.findAll  - ==>  Preparing: select * from user 
2019-09-01 21:42:05,303 453    [           main] DEBUG m.itheima.dao.IUserDao.findAll  - ==> Parameters: 
2019-09-01 21:42:05,327 477    [           main] DEBUG m.itheima.dao.IUserDao.findAll  - <==      Total: 7
2019-09-01 21:42:05,329 479    [           main] DEBUG ansaction.jdbc.JdbcTransaction  - Resetting autocommit to true on JDBC Connection [com.mysql.jdbc.JDBC4Connection@7f6b8c]
2019-09-01 21:42:05,330 480    [           main] DEBUG ansaction.jdbc.JdbcTransaction  - Closing JDBC Connection [com.mysql.jdbc.JDBC4Connection@7f6b8c]
2019-09-01 21:42:05,330 480    [           main] DEBUG source.pooled.PooledDataSource  - Returned connection 8350604 to pool.
2019-09-01 21:42:16,662 0      [           main] DEBUG ache.ibatis.logging.LogFactory  - Logging initialized using 'class org.apache.ibatis.logging.log4j.Log4jImpl' adapter.
2019-09-01 21:42:16,763 101    [           main] DEBUG source.pooled.PooledDataSource  - PooledDataSource forcefully closed/removed all connections.
2019-09-01 21:42:16,763 101    [           main] DEBUG source.pooled.PooledDataSource  - PooledDataSource forcefully closed/removed all connections.
2019-09-01 21:42:16,763 101    [           main] DEBUG source.pooled.PooledDataSource  - PooledDataSource forcefully closed/removed all connections.
2019-09-01 21:42:16,763 101    [           main] DEBUG source.pooled.PooledDataSource  - PooledDataSource forcefully closed/removed all connections.
2019-09-01 21:42:16,866 204    [           main] DEBUG ansaction.jdbc.JdbcTransaction  - Opening JDBC Connection
2019-09-01 21:42:17,064 402    [           main] DEBUG source.pooled.PooledDataSource  - Created connection 33316792.
2019-09-01 21:42:17,064 402    [           main] DEBUG ansaction.jdbc.JdbcTransaction  - Setting autocommit to false on JDBC Connection [com.mysql.jdbc.JDBC4Connection@1fc5fb8]
2019-09-01 21:42:17,067 405    [           main] DEBUG .itheima.dao.IUserDao.saveUser  - ==>  Preparing: insert into user(username,address,sex,birthday)values(?,?,?,?); 
2019-09-01 21:42:17,096 434    [           main] DEBUG ansaction.jdbc.JdbcTransaction  - Committing JDBC Connection [com.mysql.jdbc.JDBC4Connection@1fc5fb8]
2019-09-01 21:42:17,097 435    [           main] DEBUG ansaction.jdbc.JdbcTransaction  - Resetting autocommit to true on JDBC Connection [com.mysql.jdbc.JDBC4Connection@1fc5fb8]
2019-09-01 21:42:17,097 435    [           main] DEBUG ansaction.jdbc.JdbcTransaction  - Closing JDBC Connection [com.mysql.jdbc.JDBC4Connection@1fc5fb8]
2019-09-01 21:42:17,097 435    [           main] DEBUG source.pooled.PooledDataSource  - Returned connection 33316792 to pool.
2019-09-01 21:44:59,129 0      [           main] DEBUG ache.ibatis.logging.LogFactory  - Logging initialized using 'class org.apache.ibatis.logging.log4j.Log4jImpl' adapter.
2019-09-01 21:44:59,223 94     [           main] DEBUG source.pooled.PooledDataSource  - PooledDataSource forcefully closed/removed all connections.
2019-09-01 21:44:59,223 94     [           main] DEBUG source.pooled.PooledDataSource  - PooledDataSource forcefully closed/removed all connections.
2019-09-01 21:44:59,223 94     [           main] DEBUG source.pooled.PooledDataSource  - PooledDataSource forcefully closed/removed all connections.
2019-09-01 21:44:59,223 94     [           main] DEBUG source.pooled.PooledDataSource  - PooledDataSource forcefully closed/removed all connections.
2019-09-01 21:44:59,317 188    [           main] DEBUG ansaction.jdbc.JdbcTransaction  - Opening JDBC Connection
2019-09-01 21:44:59,516 387    [           main] DEBUG source.pooled.PooledDataSource  - Created connection 11665382.
2019-09-01 21:44:59,516 387    [           main] DEBUG ansaction.jdbc.JdbcTransaction  - Setting autocommit to false on JDBC Connection [com.mysql.jdbc.JDBC4Connection@b1ffe6]
2019-09-01 21:44:59,518 389    [           main] DEBUG theima.dao.IUserDao.updateUser  - ==>  Preparing: update user set username=?,address=?,sex=?,birthday=? where id=? 
2019-09-01 21:44:59,542 413    [           main] DEBUG ansaction.jdbc.JdbcTransaction  - Committing JDBC Connection [com.mysql.jdbc.JDBC4Connection@b1ffe6]
2019-09-01 21:44:59,543 414    [           main] DEBUG ansaction.jdbc.JdbcTransaction  - Resetting autocommit to true on JDBC Connection [com.mysql.jdbc.JDBC4Connection@b1ffe6]
2019-09-01 21:44:59,543 414    [           main] DEBUG ansaction.jdbc.JdbcTransaction  - Closing JDBC Connection [com.mysql.jdbc.JDBC4Connection@b1ffe6]
2019-09-01 21:44:59,543 414    [           main] DEBUG source.pooled.PooledDataSource  - Returned connection 11665382 to pool.
2019-09-01 21:47:16,709 0      [           main] DEBUG ache.ibatis.logging.LogFactory  - Logging initialized using 'class org.apache.ibatis.logging.log4j.Log4jImpl' adapter.
2019-09-01 21:47:16,806 97     [           main] DEBUG source.pooled.PooledDataSource  - PooledDataSource forcefully closed/removed all connections.
2019-09-01 21:47:16,806 97     [           main] DEBUG source.pooled.PooledDataSource  - PooledDataSource forcefully closed/removed all connections.
2019-09-01 21:47:16,806 97     [           main] DEBUG source.pooled.PooledDataSource  - PooledDataSource forcefully closed/removed all connections.
2019-09-01 21:47:16,807 98     [           main] DEBUG source.pooled.PooledDataSource  - PooledDataSource forcefully closed/removed all connections.
2019-09-01 21:47:16,924 215    [           main] DEBUG ansaction.jdbc.JdbcTransaction  - Opening JDBC Connection
2019-09-01 21:47:17,109 400    [           main] DEBUG source.pooled.PooledDataSource  - Created connection 33316792.
2019-09-01 21:47:17,109 400    [           main] DEBUG ansaction.jdbc.JdbcTransaction  - Setting autocommit to false on JDBC Connection [com.mysql.jdbc.JDBC4Connection@1fc5fb8]
2019-09-01 21:47:17,111 402    [           main] DEBUG .itheima.dao.IUserDao.saveUser  - ==>  Preparing: insert into user(username,address,sex,birthday)values(?,?,?,?); 
2019-09-01 21:47:17,154 445    [           main] DEBUG .itheima.dao.IUserDao.saveUser  - ==> Parameters: jack(String), new york(String), 男(String), 2019-09-01 21:47:16.906(Timestamp)
2019-09-01 21:47:17,155 446    [           main] DEBUG .itheima.dao.IUserDao.saveUser  - <==    Updates: 1
2019-09-01 21:47:17,155 446    [           main] DEBUG ansaction.jdbc.JdbcTransaction  - Committing JDBC Connection [com.mysql.jdbc.JDBC4Connection@1fc5fb8]
2019-09-01 21:47:17,157 448    [           main] DEBUG ansaction.jdbc.JdbcTransaction  - Resetting autocommit to true on JDBC Connection [com.mysql.jdbc.JDBC4Connection@1fc5fb8]
2019-09-01 21:47:17,158 449    [           main] DEBUG ansaction.jdbc.JdbcTransaction  - Closing JDBC Connection [com.mysql.jdbc.JDBC4Connection@1fc5fb8]
2019-09-01 21:47:17,158 449    [           main] DEBUG source.pooled.PooledDataSource  - Returned connection 33316792 to pool.
2019-09-01 21:47:35,186 0      [           main] DEBUG ache.ibatis.logging.LogFactory  - Logging initialized using 'class org.apache.ibatis.logging.log4j.Log4jImpl' adapter.
2019-09-01 21:47:35,302 116    [           main] DEBUG source.pooled.PooledDataSource  - PooledDataSource forcefully closed/removed all connections.
2019-09-01 21:47:35,302 116    [           main] DEBUG source.pooled.PooledDataSource  - PooledDataSource forcefully closed/removed all connections.
2019-09-01 21:47:35,302 116    [           main] DEBUG source.pooled.PooledDataSource  - PooledDataSource forcefully closed/removed all connections.
2019-09-01 21:47:35,303 117    [           main] DEBUG source.pooled.PooledDataSource  - PooledDataSource forcefully closed/removed all connections.
2019-09-01 21:47:35,417 231    [           main] DEBUG ansaction.jdbc.JdbcTransaction  - Opening JDBC Connection
2019-09-01 21:47:35,624 438    [           main] DEBUG source.pooled.PooledDataSource  - Created connection 33316792.
2019-09-01 21:47:35,624 438    [           main] DEBUG ansaction.jdbc.JdbcTransaction  - Setting autocommit to false on JDBC Connection [com.mysql.jdbc.JDBC4Connection@1fc5fb8]
2019-09-01 21:47:35,627 441    [           main] DEBUG .itheima.dao.IUserDao.saveUser  - ==>  Preparing: insert into user(username,address,sex,birthday)values(?,?,?,?); 
2019-09-01 21:47:35,654 468    [           main] DEBUG .itheima.dao.IUserDao.saveUser  - ==> Parameters: jack(String), new york(String), 男(String), 2019-09-01 21:47:35.403(Timestamp)
2019-09-01 21:47:35,655 469    [           main] DEBUG .itheima.dao.IUserDao.saveUser  - <==    Updates: 1
2019-09-01 21:47:35,655 469    [           main] DEBUG ansaction.jdbc.JdbcTransaction  - Committing JDBC Connection [com.mysql.jdbc.JDBC4Connection@1fc5fb8]
2019-09-01 21:47:35,656 470    [           main] DEBUG ansaction.jdbc.JdbcTransaction  - Resetting autocommit to true on JDBC Connection [com.mysql.jdbc.JDBC4Connection@1fc5fb8]
2019-09-01 21:47:35,656 470    [           main] DEBUG ansaction.jdbc.JdbcTransaction  - Closing JDBC Connection [com.mysql.jdbc.JDBC4Connection@1fc5fb8]
2019-09-01 21:47:35,657 471    [           main] DEBUG source.pooled.PooledDataSource  - Returned connection 33316792 to pool.
2019-09-01 21:47:42,924 0      [           main] DEBUG ache.ibatis.logging.LogFactory  - Logging initialized using 'class org.apache.ibatis.logging.log4j.Log4jImpl' adapter.
2019-09-01 21:47:43,032 108    [           main] DEBUG source.pooled.PooledDataSource  - PooledDataSource forcefully closed/removed all connections.
2019-09-01 21:47:43,032 108    [           main] DEBUG source.pooled.PooledDataSource  - PooledDataSource forcefully closed/removed all connections.
2019-09-01 21:47:43,032 108    [           main] DEBUG source.pooled.PooledDataSource  - PooledDataSource forcefully closed/removed all connections.
2019-09-01 21:47:43,032 108    [           main] DEBUG source.pooled.PooledDataSource  - PooledDataSource forcefully closed/removed all connections.
2019-09-01 21:47:43,139 215    [           main] DEBUG ansaction.jdbc.JdbcTransaction  - Opening JDBC Connection
2019-09-01 21:47:43,325 401    [           main] DEBUG source.pooled.PooledDataSource  - Created connection 11665382.
2019-09-01 21:47:43,326 402    [           main] DEBUG ansaction.jdbc.JdbcTransaction  - Setting autocommit to false on JDBC Connection [com.mysql.jdbc.JDBC4Connection@b1ffe6]
2019-09-01 21:47:43,328 404    [           main] DEBUG theima.dao.IUserDao.updateUser  - ==>  Preparing: update user set username=?,address=?,sex=?,birthday=? where id=? 
2019-09-01 21:47:43,358 434    [           main] DEBUG theima.dao.IUserDao.updateUser  - ==> Parameters: jack(String), new york(String), 女(String), 2019-09-01 21:47:43.125(Timestamp), 43(Integer)
2019-09-01 21:47:43,358 434    [           main] DEBUG theima.dao.IUserDao.updateUser  - <==    Updates: 1
2019-09-01 21:47:43,358 434    [           main] DEBUG ansaction.jdbc.JdbcTransaction  - Committing JDBC Connection [com.mysql.jdbc.JDBC4Connection@b1ffe6]
2019-09-01 21:47:43,360 436    [           main] DEBUG ansaction.jdbc.JdbcTransaction  - Resetting autocommit to true on JDBC Connection [com.mysql.jdbc.JDBC4Connection@b1ffe6]
2019-09-01 21:47:43,361 437    [           main] DEBUG ansaction.jdbc.JdbcTransaction  - Closing JDBC Connection [com.mysql.jdbc.JDBC4Connection@b1ffe6]
2019-09-01 21:47:43,361 437    [           main] DEBUG source.pooled.PooledDataSource  - Returned connection 11665382 to pool.
2019-09-01 21:47:52,164 0      [           main] DEBUG ache.ibatis.logging.LogFactory  - Logging initialized using 'class org.apache.ibatis.logging.log4j.Log4jImpl' adapter.
2019-09-01 21:47:52,290 126    [           main] DEBUG source.pooled.PooledDataSource  - PooledDataSource forcefully closed/removed all connections.
2019-09-01 21:47:52,290 126    [           main] DEBUG source.pooled.PooledDataSource  - PooledDataSource forcefully closed/removed all connections.
2019-09-01 21:47:52,290 126    [           main] DEBUG source.pooled.PooledDataSource  - PooledDataSource forcefully closed/removed all connections.
2019-09-01 21:47:52,290 126    [           main] DEBUG source.pooled.PooledDataSource  - PooledDataSource forcefully closed/removed all connections.
2019-09-01 21:47:52,456 292    [           main] DEBUG ansaction.jdbc.JdbcTransaction  - Opening JDBC Connection
2019-09-01 21:47:52,691 527    [           main] DEBUG source.pooled.PooledDataSource  - Created connection 18439107.
2019-09-01 21:47:52,691 527    [           main] DEBUG ansaction.jdbc.JdbcTransaction  - Setting autocommit to false on JDBC Connection [com.mysql.jdbc.JDBC4Connection@1195bc3]
2019-09-01 21:47:52,693 529    [           main] DEBUG theima.dao.IUserDao.findByName  - ==>  Preparing: select * from user where username like ? 
2019-09-01 21:47:52,719 555    [           main] DEBUG theima.dao.IUserDao.findByName  - ==> Parameters: %王%(String)
2019-09-01 21:47:52,741 577    [           main] DEBUG theima.dao.IUserDao.findByName  - <==      Total: 3
2019-09-01 21:47:52,744 580    [           main] DEBUG ansaction.jdbc.JdbcTransaction  - Resetting autocommit to true on JDBC Connection [com.mysql.jdbc.JDBC4Connection@1195bc3]
2019-09-01 21:47:52,744 580    [           main] DEBUG ansaction.jdbc.JdbcTransaction  - Closing JDBC Connection [com.mysql.jdbc.JDBC4Connection@1195bc3]
2019-09-01 21:47:52,745 581    [           main] DEBUG source.pooled.PooledDataSource  - Returned connection 18439107 to pool.
2019-09-01 21:47:57,613 1      [           main] DEBUG ache.ibatis.logging.LogFactory  - Logging initialized using 'class org.apache.ibatis.logging.log4j.Log4jImpl' adapter.
2019-09-01 21:47:57,725 113    [           main] DEBUG source.pooled.PooledDataSource  - PooledDataSource forcefully closed/removed all connections.
2019-09-01 21:47:57,725 113    [           main] DEBUG source.pooled.PooledDataSource  - PooledDataSource forcefully closed/removed all connections.
2019-09-01 21:47:57,725 113    [           main] DEBUG source.pooled.PooledDataSource  - PooledDataSource forcefully closed/removed all connections.
2019-09-01 21:47:57,725 113    [           main] DEBUG source.pooled.PooledDataSource  - PooledDataSource forcefully closed/removed all connections.
2019-09-01 21:47:57,828 216    [           main] DEBUG ansaction.jdbc.JdbcTransaction  - Opening JDBC Connection
2019-09-01 21:47:58,014 402    [           main] DEBUG source.pooled.PooledDataSource  - Created connection 8350604.
2019-09-01 21:47:58,014 402    [           main] DEBUG ansaction.jdbc.JdbcTransaction  - Setting autocommit to false on JDBC Connection [com.mysql.jdbc.JDBC4Connection@7f6b8c]
2019-09-01 21:47:58,016 404    [           main] DEBUG itheima.dao.IUserDao.findTotal  - ==>  Preparing: select count(id) from user 
2019-09-01 21:47:58,040 428    [           main] DEBUG itheima.dao.IUserDao.findTotal  - ==> Parameters: 
2019-09-01 21:47:58,053 441    [           main] DEBUG itheima.dao.IUserDao.findTotal  - <==      Total: 1
2019-09-01 21:47:58,053 441    [           main] DEBUG ansaction.jdbc.JdbcTransaction  - Resetting autocommit to true on JDBC Connection [com.mysql.jdbc.JDBC4Connection@7f6b8c]
2019-09-01 21:47:58,054 442    [           main] DEBUG ansaction.jdbc.JdbcTransaction  - Closing JDBC Connection [com.mysql.jdbc.JDBC4Connection@7f6b8c]
2019-09-01 21:47:58,054 442    [           main] DEBUG source.pooled.PooledDataSource  - Returned connection 8350604 to pool.
2019-09-01 22:21:32,717 0      [           main] DEBUG ache.ibatis.logging.LogFactory  - Logging initialized using 'class org.apache.ibatis.logging.log4j.Log4jImpl' adapter.
2019-09-01 22:21:32,825 108    [           main] DEBUG source.pooled.PooledDataSource  - PooledDataSource forcefully closed/removed all connections.
2019-09-01 22:21:32,825 108    [           main] DEBUG source.pooled.PooledDataSource  - PooledDataSource forcefully closed/removed all connections.
2019-09-01 22:21:32,825 108    [           main] DEBUG source.pooled.PooledDataSource  - PooledDataSource forcefully closed/removed all connections.
2019-09-01 22:21:32,826 109    [           main] DEBUG source.pooled.PooledDataSource  - PooledDataSource forcefully closed/removed all connections.
2019-09-01 22:21:32,944 227    [           main] DEBUG ansaction.jdbc.JdbcTransaction  - Opening JDBC Connection
2019-09-01 22:21:33,139 422    [           main] DEBUG source.pooled.PooledDataSource  - Created connection 22081464.
2019-09-01 22:21:33,139 422    [           main] DEBUG ansaction.jdbc.JdbcTransaction  - Setting autocommit to false on JDBC Connection [com.mysql.jdbc.JDBC4Connection@150efb8]
2019-09-01 22:21:33,141 424    [           main] DEBUG .itheima.dao.IUserDao.saveUser  - ==>  Preparing: insert into user(username,address,sex,birthday)values(?,?,?,?); 
2019-09-01 22:21:33,169 452    [           main] DEBUG .itheima.dao.IUserDao.saveUser  - ==> Parameters: ben(String), new york(String), 男(String), 2019-09-01 22:21:32.928(Timestamp)
2019-09-01 22:21:33,170 453    [           main] DEBUG .itheima.dao.IUserDao.saveUser  - <==    Updates: 1
2019-09-01 22:21:33,172 455    [           main] DEBUG ao.IUserDao.saveUser!selectKey  - ==>  Preparing: select last_insert_id(); 
2019-09-01 22:21:33,172 455    [           main] DEBUG ao.IUserDao.saveUser!selectKey  - ==> Parameters: 
2019-09-01 22:21:33,190 473    [           main] DEBUG ao.IUserDao.saveUser!selectKey  - <==      Total: 1
2019-09-01 22:21:33,191 474    [           main] DEBUG ansaction.jdbc.JdbcTransaction  - Committing JDBC Connection [com.mysql.jdbc.JDBC4Connection@150efb8]
2019-09-01 22:21:33,193 476    [           main] DEBUG ansaction.jdbc.JdbcTransaction  - Resetting autocommit to true on JDBC Connection [com.mysql.jdbc.JDBC4Connection@150efb8]
2019-09-01 22:21:33,193 476    [           main] DEBUG ansaction.jdbc.JdbcTransaction  - Closing JDBC Connection [com.mysql.jdbc.JDBC4Connection@150efb8]
2019-09-01 22:21:33,193 476    [           main] DEBUG source.pooled.PooledDataSource  - Returned connection 22081464 to pool.
2019-09-01 23:30:32,471 0      [           main] DEBUG ache.ibatis.logging.LogFactory  - Logging initialized using 'class org.apache.ibatis.logging.log4j.Log4jImpl' adapter.
2019-09-01 23:30:32,625 154    [           main] DEBUG source.pooled.PooledDataSource  - PooledDataSource forcefully closed/removed all connections.
2019-09-01 23:30:32,625 154    [           main] DEBUG source.pooled.PooledDataSource  - PooledDataSource forcefully closed/removed all connections.
2019-09-01 23:30:32,625 154    [           main] DEBUG source.pooled.PooledDataSource  - PooledDataSource forcefully closed/removed all connections.
2019-09-01 23:30:32,625 154    [           main] DEBUG source.pooled.PooledDataSource  - PooledDataSource forcefully closed/removed all connections.
2019-09-01 23:33:14,978 0      [           main] DEBUG ache.ibatis.logging.LogFactory  - Logging initialized using 'class org.apache.ibatis.logging.log4j.Log4jImpl' adapter.
2019-09-01 23:33:15,097 119    [           main] DEBUG source.pooled.PooledDataSource  - PooledDataSource forcefully closed/removed all connections.
2019-09-01 23:33:15,097 119    [           main] DEBUG source.pooled.PooledDataSource  - PooledDataSource forcefully closed/removed all connections.
2019-09-01 23:33:15,097 119    [           main] DEBUG source.pooled.PooledDataSource  - PooledDataSource forcefully closed/removed all connections.
2019-09-01 23:33:15,097 119    [           main] DEBUG source.pooled.PooledDataSource  - PooledDataSource forcefully closed/removed all connections.
2019-09-01 23:33:15,220 242    [           main] DEBUG ansaction.jdbc.JdbcTransaction  - Opening JDBC Connection
2019-09-01 23:33:15,485 507    [           main] DEBUG source.pooled.PooledDataSource  - Created connection 16333464.
2019-09-01 23:33:15,485 507    [           main] DEBUG ansaction.jdbc.JdbcTransaction  - Setting autocommit to false on JDBC Connection [com.mysql.jdbc.JDBC4Connection@f93a98]
2019-09-01 23:33:15,488 510    [           main] DEBUG eima.dao.IUserDao.findUserByVo  - ==>  Preparing: select * from user where username like ? 
2019-09-01 23:33:15,519 541    [           main] DEBUG eima.dao.IUserDao.findUserByVo  - ==> Parameters: %王%(String)
2019-09-01 23:33:15,541 563    [           main] DEBUG eima.dao.IUserDao.findUserByVo  - <==      Total: 3
2019-09-01 23:33:15,545 567    [           main] DEBUG ansaction.jdbc.JdbcTransaction  - Resetting autocommit to true on JDBC Connection [com.mysql.jdbc.JDBC4Connection@f93a98]
2019-09-01 23:33:15,546 568    [           main] DEBUG ansaction.jdbc.JdbcTransaction  - Closing JDBC Connection [com.mysql.jdbc.JDBC4Connection@f93a98]
2019-09-01 23:33:15,546 568    [           main] DEBUG source.pooled.PooledDataSource  - Returned connection 16333464 to pool.
